Start testing: May 28 07:06 PDT
----------------------------------------------------------
1/47 Testing: Scheduler.DefaultBPMIs120
1/47 Test: Scheduler.DefaultBPMIs120
Command: "/Users/michaelbarakat/projects/mighty-core/tests/mmc-tests" "--gtest_filter=Scheduler.DefaultBPMIs120" "--gtest_also_run_disabled_tests"
Directory: /Users/michaelbarakat/projects/mighty-core/tests
"Scheduler.DefaultBPMIs120" start time: May 28 07:06 PDT
Output:
----------------------------------------------------------
Running main() from /Users/michaelbarakat/projects/mighty-core/_deps/googletest-src/googletest/src/gtest_main.cc
Note: Google Test filter = Scheduler.DefaultBPMIs120
[==========] Running 1 test from 1 test suite.
[----------] Global test environment set-up.
[----------] 1 test from Scheduler
[ RUN      ] Scheduler.DefaultBPMIs120
[       OK ] Scheduler.DefaultBPMIs120 (0 ms)
[----------] 1 test from Scheduler (0 ms total)

[----------] Global test environment tear-down
[==========] 1 test from 1 test suite ran. (0 ms total)
[  PASSED  ] 1 test.
<end of output>
Test time =   0.01 sec
----------------------------------------------------------
Test Passed.
"Scheduler.DefaultBPMIs120" end time: May 28 07:06 PDT
"Scheduler.DefaultBPMIs120" time elapsed: 00:00:00
----------------------------------------------------------

2/47 Testing: Scheduler.SetAndGetBPM
2/47 Test: Scheduler.SetAndGetBPM
Command: "/Users/michaelbarakat/projects/mighty-core/tests/mmc-tests" "--gtest_filter=Scheduler.SetAndGetBPM" "--gtest_also_run_disabled_tests"
Directory: /Users/michaelbarakat/projects/mighty-core/tests
"Scheduler.SetAndGetBPM" start time: May 28 07:06 PDT
Output:
----------------------------------------------------------
Running main() from /Users/michaelbarakat/projects/mighty-core/_deps/googletest-src/googletest/src/gtest_main.cc
Note: Google Test filter = Scheduler.SetAndGetBPM
[==========] Running 1 test from 1 test suite.
[----------] Global test environment set-up.
[----------] 1 test from Scheduler
[ RUN      ] Scheduler.SetAndGetBPM
[       OK ] Scheduler.SetAndGetBPM (0 ms)
[----------] 1 test from Scheduler (0 ms total)

[----------] Global test environment tear-down
[==========] 1 test from 1 test suite ran. (0 ms total)
[  PASSED  ] 1 test.
<end of output>
Test time =   0.01 sec
----------------------------------------------------------
Test Passed.
"Scheduler.SetAndGetBPM" end time: May 28 07:06 PDT
"Scheduler.SetAndGetBPM" time elapsed: 00:00:00
----------------------------------------------------------

3/47 Testing: Scheduler.BPMClampedAtMinimum
3/47 Test: Scheduler.BPMClampedAtMinimum
Command: "/Users/michaelbarakat/projects/mighty-core/tests/mmc-tests" "--gtest_filter=Scheduler.BPMClampedAtMinimum" "--gtest_also_run_disabled_tests"
Directory: /Users/michaelbarakat/projects/mighty-core/tests
"Scheduler.BPMClampedAtMinimum" start time: May 28 07:06 PDT
Output:
----------------------------------------------------------
Running main() from /Users/michaelbarakat/projects/mighty-core/_deps/googletest-src/googletest/src/gtest_main.cc
Note: Google Test filter = Scheduler.BPMClampedAtMinimum
[==========] Running 1 test from 1 test suite.
[----------] Global test environment set-up.
[----------] 1 test from Scheduler
[ RUN      ] Scheduler.BPMClampedAtMinimum
[       OK ] Scheduler.BPMClampedAtMinimum (0 ms)
[----------] 1 test from Scheduler (0 ms total)

[----------] Global test environment tear-down
[==========] 1 test from 1 test suite ran. (0 ms total)
[  PASSED  ] 1 test.
<end of output>
Test time =   0.01 sec
----------------------------------------------------------
Test Passed.
"Scheduler.BPMClampedAtMinimum" end time: May 28 07:06 PDT
"Scheduler.BPMClampedAtMinimum" time elapsed: 00:00:00
----------------------------------------------------------

4/47 Testing: Scheduler.BPMClampedAtMaximum
4/47 Test: Scheduler.BPMClampedAtMaximum
Command: "/Users/michaelbarakat/projects/mighty-core/tests/mmc-tests" "--gtest_filter=Scheduler.BPMClampedAtMaximum" "--gtest_also_run_disabled_tests"
Directory: /Users/michaelbarakat/projects/mighty-core/tests
"Scheduler.BPMClampedAtMaximum" start time: May 28 07:06 PDT
Output:
----------------------------------------------------------
Running main() from /Users/michaelbarakat/projects/mighty-core/_deps/googletest-src/googletest/src/gtest_main.cc
Note: Google Test filter = Scheduler.BPMClampedAtMaximum
[==========] Running 1 test from 1 test suite.
[----------] Global test environment set-up.
[----------] 1 test from Scheduler
[ RUN      ] Scheduler.BPMClampedAtMaximum
[       OK ] Scheduler.BPMClampedAtMaximum (0 ms)
[----------] 1 test from Scheduler (0 ms total)

[----------] Global test environment tear-down
[==========] 1 test from 1 test suite ran. (0 ms total)
[  PASSED  ] 1 test.
<end of output>
Test time =   0.01 sec
----------------------------------------------------------
Test Passed.
"Scheduler.BPMClampedAtMaximum" end time: May 28 07:06 PDT
"Scheduler.BPMClampedAtMaximum" time elapsed: 00:00:00
----------------------------------------------------------

5/47 Testing: Scheduler.FirstTickAtFrameZero
5/47 Test: Scheduler.FirstTickAtFrameZero
Command: "/Users/michaelbarakat/projects/mighty-core/tests/mmc-tests" "--gtest_filter=Scheduler.FirstTickAtFrameZero" "--gtest_also_run_disabled_tests"
Directory: /Users/michaelbarakat/projects/mighty-core/tests
"Scheduler.FirstTickAtFrameZero" start time: May 28 07:06 PDT
Output:
----------------------------------------------------------
Running main() from /Users/michaelbarakat/projects/mighty-core/_deps/googletest-src/googletest/src/gtest_main.cc
Note: Google Test filter = Scheduler.FirstTickAtFrameZero
[==========] Running 1 test from 1 test suite.
[----------] Global test environment set-up.
[----------] 1 test from Scheduler
[ RUN      ] Scheduler.FirstTickAtFrameZero
[       OK ] Scheduler.FirstTickAtFrameZero (0 ms)
[----------] 1 test from Scheduler (0 ms total)

[----------] Global test environment tear-down
[==========] 1 test from 1 test suite ran. (0 ms total)
[  PASSED  ] 1 test.
<end of output>
Test time =   0.01 sec
----------------------------------------------------------
Test Passed.
"Scheduler.FirstTickAtFrameZero" end time: May 28 07:06 PDT
"Scheduler.FirstTickAtFrameZero" time elapsed: 00:00:00
----------------------------------------------------------

6/47 Testing: Scheduler.BeatNumbersIncrement
6/47 Test: Scheduler.BeatNumbersIncrement
Command: "/Users/michaelbarakat/projects/mighty-core/tests/mmc-tests" "--gtest_filter=Scheduler.BeatNumbersIncrement" "--gtest_also_run_disabled_tests"
Directory: /Users/michaelbarakat/projects/mighty-core/tests
"Scheduler.BeatNumbersIncrement" start time: May 28 07:06 PDT
Output:
----------------------------------------------------------
Running main() from /Users/michaelbarakat/projects/mighty-core/_deps/googletest-src/googletest/src/gtest_main.cc
Note: Google Test filter = Scheduler.BeatNumbersIncrement
[==========] Running 1 test from 1 test suite.
[----------] Global test environment set-up.
[----------] 1 test from Scheduler
[ RUN      ] Scheduler.BeatNumbersIncrement
[       OK ] Scheduler.BeatNumbersIncrement (0 ms)
[----------] 1 test from Scheduler (0 ms total)

[----------] Global test environment tear-down
[==========] 1 test from 1 test suite ran. (0 ms total)
[  PASSED  ] 1 test.
<end of output>
Test time =   0.01 sec
----------------------------------------------------------
Test Passed.
"Scheduler.BeatNumbersIncrement" end time: May 28 07:06 PDT
"Scheduler.BeatNumbersIncrement" time elapsed: 00:00:00
----------------------------------------------------------

7/47 Testing: Scheduler.TickIntervalIsExact_120BPM_48kHz
7/47 Test: Scheduler.TickIntervalIsExact_120BPM_48kHz
Command: "/Users/michaelbarakat/projects/mighty-core/tests/mmc-tests" "--gtest_filter=Scheduler.TickIntervalIsExact_120BPM_48kHz" "--gtest_also_run_disabled_tests"
Directory: /Users/michaelbarakat/projects/mighty-core/tests
"Scheduler.TickIntervalIsExact_120BPM_48kHz" start time: May 28 07:06 PDT
Output:
----------------------------------------------------------
Running main() from /Users/michaelbarakat/projects/mighty-core/_deps/googletest-src/googletest/src/gtest_main.cc
Note: Google Test filter = Scheduler.TickIntervalIsExact_120BPM_48kHz
[==========] Running 1 test from 1 test suite.
[----------] Global test environment set-up.
[----------] 1 test from Scheduler
[ RUN      ] Scheduler.TickIntervalIsExact_120BPM_48kHz
[       OK ] Scheduler.TickIntervalIsExact_120BPM_48kHz (0 ms)
[----------] 1 test from Scheduler (0 ms total)

[----------] Global test environment tear-down
[==========] 1 test from 1 test suite ran. (0 ms total)
[  PASSED  ] 1 test.
<end of output>
Test time =   0.01 sec
----------------------------------------------------------
Test Passed.
"Scheduler.TickIntervalIsExact_120BPM_48kHz" end time: May 28 07:06 PDT
"Scheduler.TickIntervalIsExact_120BPM_48kHz" time elapsed: 00:00:00
----------------------------------------------------------

8/47 Testing: Scheduler.TickIntervalIsExact_60BPM_44100Hz
8/47 Test: Scheduler.TickIntervalIsExact_60BPM_44100Hz
Command: "/Users/michaelbarakat/projects/mighty-core/tests/mmc-tests" "--gtest_filter=Scheduler.TickIntervalIsExact_60BPM_44100Hz" "--gtest_also_run_disabled_tests"
Directory: /Users/michaelbarakat/projects/mighty-core/tests
"Scheduler.TickIntervalIsExact_60BPM_44100Hz" start time: May 28 07:06 PDT
Output:
----------------------------------------------------------
Running main() from /Users/michaelbarakat/projects/mighty-core/_deps/googletest-src/googletest/src/gtest_main.cc
Note: Google Test filter = Scheduler.TickIntervalIsExact_60BPM_44100Hz
[==========] Running 1 test from 1 test suite.
[----------] Global test environment set-up.
[----------] 1 test from Scheduler
[ RUN      ] Scheduler.TickIntervalIsExact_60BPM_44100Hz
[       OK ] Scheduler.TickIntervalIsExact_60BPM_44100Hz (0 ms)
[----------] 1 test from Scheduler (0 ms total)

[----------] Global test environment tear-down
[==========] 1 test from 1 test suite ran. (0 ms total)
[  PASSED  ] 1 test.
<end of output>
Test time =   0.01 sec
----------------------------------------------------------
Test Passed.
"Scheduler.TickIntervalIsExact_60BPM_44100Hz" end time: May 28 07:06 PDT
"Scheduler.TickIntervalIsExact_60BPM_44100Hz" time elapsed: 00:00:00
----------------------------------------------------------

9/47 Testing: Scheduler.ResetRestartsBeatCounter
9/47 Test: Scheduler.ResetRestartsBeatCounter
Command: "/Users/michaelbarakat/projects/mighty-core/tests/mmc-tests" "--gtest_filter=Scheduler.ResetRestartsBeatCounter" "--gtest_also_run_disabled_tests"
Directory: /Users/michaelbarakat/projects/mighty-core/tests
"Scheduler.ResetRestartsBeatCounter" start time: May 28 07:06 PDT
Output:
----------------------------------------------------------
Running main() from /Users/michaelbarakat/projects/mighty-core/_deps/googletest-src/googletest/src/gtest_main.cc
Note: Google Test filter = Scheduler.ResetRestartsBeatCounter
[==========] Running 1 test from 1 test suite.
[----------] Global test environment set-up.
[----------] 1 test from Scheduler
[ RUN      ] Scheduler.ResetRestartsBeatCounter
[       OK ] Scheduler.ResetRestartsBeatCounter (0 ms)
[----------] 1 test from Scheduler (0 ms total)

[----------] Global test environment tear-down
[==========] 1 test from 1 test suite ran. (0 ms total)
[  PASSED  ] 1 test.
<end of output>
Test time =   0.01 sec
----------------------------------------------------------
Test Passed.
"Scheduler.ResetRestartsBeatCounter" end time: May 28 07:06 PDT
"Scheduler.ResetRestartsBeatCounter" time elapsed: 00:00:00
----------------------------------------------------------

10/47 Testing: Scheduler.BPMChangeTakesEffectOnNextInterval
10/47 Test: Scheduler.BPMChangeTakesEffectOnNextInterval
Command: "/Users/michaelbarakat/projects/mighty-core/tests/mmc-tests" "--gtest_filter=Scheduler.BPMChangeTakesEffectOnNextInterval" "--gtest_also_run_disabled_tests"
Directory: /Users/michaelbarakat/projects/mighty-core/tests
"Scheduler.BPMChangeTakesEffectOnNextInterval" start time: May 28 07:06 PDT
Output:
----------------------------------------------------------
Running main() from /Users/michaelbarakat/projects/mighty-core/_deps/googletest-src/googletest/src/gtest_main.cc
Note: Google Test filter = Scheduler.BPMChangeTakesEffectOnNextInterval
[==========] Running 1 test from 1 test suite.
[----------] Global test environment set-up.
[----------] 1 test from Scheduler
[ RUN      ] Scheduler.BPMChangeTakesEffectOnNextInterval
[       OK ] Scheduler.BPMChangeTakesEffectOnNextInterval (0 ms)
[----------] 1 test from Scheduler (0 ms total)

[----------] Global test environment tear-down
[==========] 1 test from 1 test suite ran. (0 ms total)
[  PASSED  ] 1 test.
<end of output>
Test time =   0.00 sec
----------------------------------------------------------
Test Passed.
"Scheduler.BPMChangeTakesEffectOnNextInterval" end time: May 28 07:06 PDT
"Scheduler.BPMChangeTakesEffectOnNextInterval" time elapsed: 00:00:00
----------------------------------------------------------

11/47 Testing: MightyMusicCore.StopWithoutStartIsHarmless
11/47 Test: MightyMusicCore.StopWithoutStartIsHarmless
Command: "/Users/michaelbarakat/projects/mighty-core/tests/mmc-tests" "--gtest_filter=MightyMusicCore.StopWithoutStartIsHarmless" "--gtest_also_run_disabled_tests"
Directory: /Users/michaelbarakat/projects/mighty-core/tests
"MightyMusicCore.StopWithoutStartIsHarmless" start time: May 28 07:06 PDT
Output:
----------------------------------------------------------
Running main() from /Users/michaelbarakat/projects/mighty-core/_deps/googletest-src/googletest/src/gtest_main.cc
Note: Google Test filter = MightyMusicCore.StopWithoutStartIsHarmless
[==========] Running 1 test from 1 test suite.
[----------] Global test environment set-up.
[----------] 1 test from MightyMusicCore
[ RUN      ] MightyMusicCore.StopWithoutStartIsHarmless
[       OK ] MightyMusicCore.StopWithoutStartIsHarmless (0 ms)
[----------] 1 test from MightyMusicCore (0 ms total)

[----------] Global test environment tear-down
[==========] 1 test from 1 test suite ran. (0 ms total)
[  PASSED  ] 1 test.
<end of output>
Test time =   0.01 sec
----------------------------------------------------------
Test Passed.
"MightyMusicCore.StopWithoutStartIsHarmless" end time: May 28 07:06 PDT
"MightyMusicCore.StopWithoutStartIsHarmless" time elapsed: 00:00:00
----------------------------------------------------------

12/47 Testing: MightyMusicCore.ListeningStopWithoutStartIsHarmless
12/47 Test: MightyMusicCore.ListeningStopWithoutStartIsHarmless
Command: "/Users/michaelbarakat/projects/mighty-core/tests/mmc-tests" "--gtest_filter=MightyMusicCore.ListeningStopWithoutStartIsHarmless" "--gtest_also_run_disabled_tests"
Directory: /Users/michaelbarakat/projects/mighty-core/tests
"MightyMusicCore.ListeningStopWithoutStartIsHarmless" start time: May 28 07:06 PDT
Output:
----------------------------------------------------------
Running main() from /Users/michaelbarakat/projects/mighty-core/_deps/googletest-src/googletest/src/gtest_main.cc
Note: Google Test filter = MightyMusicCore.ListeningStopWithoutStartIsHarmless
[==========] Running 1 test from 1 test suite.
[----------] Global test environment set-up.
[----------] 1 test from MightyMusicCore
[ RUN      ] MightyMusicCore.ListeningStopWithoutStartIsHarmless
[       OK ] MightyMusicCore.ListeningStopWithoutStartIsHarmless (0 ms)
[----------] 1 test from MightyMusicCore (0 ms total)

[----------] Global test environment tear-down
[==========] 1 test from 1 test suite ran. (0 ms total)
[  PASSED  ] 1 test.
<end of output>
Test time =   0.01 sec
----------------------------------------------------------
Test Passed.
"MightyMusicCore.ListeningStopWithoutStartIsHarmless" end time: May 28 07:06 PDT
"MightyMusicCore.ListeningStopWithoutStartIsHarmless" time elapsed: 00:00:00
----------------------------------------------------------

13/47 Testing: MightyMusicCore.DefaultBPMIsAccessibleFromCoreApi
13/47 Test: MightyMusicCore.DefaultBPMIsAccessibleFromCoreApi
Command: "/Users/michaelbarakat/projects/mighty-core/tests/mmc-tests" "--gtest_filter=MightyMusicCore.DefaultBPMIsAccessibleFromCoreApi" "--gtest_also_run_disabled_tests"
Directory: /Users/michaelbarakat/projects/mighty-core/tests
"MightyMusicCore.DefaultBPMIsAccessibleFromCoreApi" start time: May 28 07:06 PDT
Output:
----------------------------------------------------------
Running main() from /Users/michaelbarakat/projects/mighty-core/_deps/googletest-src/googletest/src/gtest_main.cc
Note: Google Test filter = MightyMusicCore.DefaultBPMIsAccessibleFromCoreApi
[==========] Running 1 test from 1 test suite.
[----------] Global test environment set-up.
[----------] 1 test from MightyMusicCore
[ RUN      ] MightyMusicCore.DefaultBPMIsAccessibleFromCoreApi
[       OK ] MightyMusicCore.DefaultBPMIsAccessibleFromCoreApi (0 ms)
[----------] 1 test from MightyMusicCore (0 ms total)

[----------] Global test environment tear-down
[==========] 1 test from 1 test suite ran. (0 ms total)
[  PASSED  ] 1 test.
<end of output>
Test time =   0.01 sec
----------------------------------------------------------
Test Passed.
"MightyMusicCore.DefaultBPMIsAccessibleFromCoreApi" end time: May 28 07:06 PDT
"MightyMusicCore.DefaultBPMIsAccessibleFromCoreApi" time elapsed: 00:00:00
----------------------------------------------------------

14/47 Testing: MightyMusicCore.SetBPMThroughCoreApi
14/47 Test: MightyMusicCore.SetBPMThroughCoreApi
Command: "/Users/michaelbarakat/projects/mighty-core/tests/mmc-tests" "--gtest_filter=MightyMusicCore.SetBPMThroughCoreApi" "--gtest_also_run_disabled_tests"
Directory: /Users/michaelbarakat/projects/mighty-core/tests
"MightyMusicCore.SetBPMThroughCoreApi" start time: May 28 07:06 PDT
Output:
----------------------------------------------------------
Running main() from /Users/michaelbarakat/projects/mighty-core/_deps/googletest-src/googletest/src/gtest_main.cc
Note: Google Test filter = MightyMusicCore.SetBPMThroughCoreApi
[==========] Running 1 test from 1 test suite.
[----------] Global test environment set-up.
[----------] 1 test from MightyMusicCore
[ RUN      ] MightyMusicCore.SetBPMThroughCoreApi
[       OK ] MightyMusicCore.SetBPMThroughCoreApi (0 ms)
[----------] 1 test from MightyMusicCore (0 ms total)

[----------] Global test environment tear-down
[==========] 1 test from 1 test suite ran. (0 ms total)
[  PASSED  ] 1 test.
<end of output>
Test time =   0.01 sec
----------------------------------------------------------
Test Passed.
"MightyMusicCore.SetBPMThroughCoreApi" end time: May 28 07:06 PDT
"MightyMusicCore.SetBPMThroughCoreApi" time elapsed: 00:00:00
----------------------------------------------------------

15/47 Testing: KitDefinition.NullSoundsPointerYieldsZeroCount
15/47 Test: KitDefinition.NullSoundsPointerYieldsZeroCount
Command: "/Users/michaelbarakat/projects/mighty-core/tests/mmc-tests" "--gtest_filter=KitDefinition.NullSoundsPointerYieldsZeroCount" "--gtest_also_run_disabled_tests"
Directory: /Users/michaelbarakat/projects/mighty-core/tests
"KitDefinition.NullSoundsPointerYieldsZeroCount" start time: May 28 07:06 PDT
Output:
----------------------------------------------------------
Running main() from /Users/michaelbarakat/projects/mighty-core/_deps/googletest-src/googletest/src/gtest_main.cc
Note: Google Test filter = KitDefinition.NullSoundsPointerYieldsZeroCount
[==========] Running 1 test from 1 test suite.
[----------] Global test environment set-up.
[----------] 1 test from KitDefinition
[ RUN      ] KitDefinition.NullSoundsPointerYieldsZeroCount
[       OK ] KitDefinition.NullSoundsPointerYieldsZeroCount (0 ms)
[----------] 1 test from KitDefinition (0 ms total)

[----------] Global test environment tear-down
[==========] 1 test from 1 test suite ran. (0 ms total)
[  PASSED  ] 1 test.
<end of output>
Test time =   0.01 sec
----------------------------------------------------------
Test Passed.
"KitDefinition.NullSoundsPointerYieldsZeroCount" end time: May 28 07:06 PDT
"KitDefinition.NullSoundsPointerYieldsZeroCount" time elapsed: 00:00:00
----------------------------------------------------------

16/47 Testing: KitDefinition.ImmediateTerminatorYieldsZeroCount
16/47 Test: KitDefinition.ImmediateTerminatorYieldsZeroCount
Command: "/Users/michaelbarakat/projects/mighty-core/tests/mmc-tests" "--gtest_filter=KitDefinition.ImmediateTerminatorYieldsZeroCount" "--gtest_also_run_disabled_tests"
Directory: /Users/michaelbarakat/projects/mighty-core/tests
"KitDefinition.ImmediateTerminatorYieldsZeroCount" start time: May 28 07:06 PDT
Output:
----------------------------------------------------------
Running main() from /Users/michaelbarakat/projects/mighty-core/_deps/googletest-src/googletest/src/gtest_main.cc
Note: Google Test filter = KitDefinition.ImmediateTerminatorYieldsZeroCount
[==========] Running 1 test from 1 test suite.
[----------] Global test environment set-up.
[----------] 1 test from KitDefinition
[ RUN      ] KitDefinition.ImmediateTerminatorYieldsZeroCount
[       OK ] KitDefinition.ImmediateTerminatorYieldsZeroCount (0 ms)
[----------] 1 test from KitDefinition (0 ms total)

[----------] Global test environment tear-down
[==========] 1 test from 1 test suite ran. (0 ms total)
[  PASSED  ] 1 test.
<end of output>
Test time =   0.00 sec
----------------------------------------------------------
Test Passed.
"KitDefinition.ImmediateTerminatorYieldsZeroCount" end time: May 28 07:06 PDT
"KitDefinition.ImmediateTerminatorYieldsZeroCount" time elapsed: 00:00:00
----------------------------------------------------------

17/47 Testing: KitDefinition.CountsSingleSoundBeforeTerminator
17/47 Test: KitDefinition.CountsSingleSoundBeforeTerminator
Command: "/Users/michaelbarakat/projects/mighty-core/tests/mmc-tests" "--gtest_filter=KitDefinition.CountsSingleSoundBeforeTerminator" "--gtest_also_run_disabled_tests"
Directory: /Users/michaelbarakat/projects/mighty-core/tests
"KitDefinition.CountsSingleSoundBeforeTerminator" start time: May 28 07:06 PDT
Output:
----------------------------------------------------------
Running main() from /Users/michaelbarakat/projects/mighty-core/_deps/googletest-src/googletest/src/gtest_main.cc
Note: Google Test filter = KitDefinition.CountsSingleSoundBeforeTerminator
[==========] Running 1 test from 1 test suite.
[----------] Global test environment set-up.
[----------] 1 test from KitDefinition
[ RUN      ] KitDefinition.CountsSingleSoundBeforeTerminator
[       OK ] KitDefinition.CountsSingleSoundBeforeTerminator (0 ms)
[----------] 1 test from KitDefinition (0 ms total)

[----------] Global test environment tear-down
[==========] 1 test from 1 test suite ran. (0 ms total)
[  PASSED  ] 1 test.
<end of output>
Test time =   0.01 sec
----------------------------------------------------------
Test Passed.
"KitDefinition.CountsSingleSoundBeforeTerminator" end time: May 28 07:06 PDT
"KitDefinition.CountsSingleSoundBeforeTerminator" time elapsed: 00:00:00
----------------------------------------------------------

18/47 Testing: KitDefinition.EmptyResourceNameTerminatesList
18/47 Test: KitDefinition.EmptyResourceNameTerminatesList
Command: "/Users/michaelbarakat/projects/mighty-core/tests/mmc-tests" "--gtest_filter=KitDefinition.EmptyResourceNameTerminatesList" "--gtest_also_run_disabled_tests"
Directory: /Users/michaelbarakat/projects/mighty-core/tests
"KitDefinition.EmptyResourceNameTerminatesList" start time: May 28 07:06 PDT
Output:
----------------------------------------------------------
Running main() from /Users/michaelbarakat/projects/mighty-core/_deps/googletest-src/googletest/src/gtest_main.cc
Note: Google Test filter = KitDefinition.EmptyResourceNameTerminatesList
[==========] Running 1 test from 1 test suite.
[----------] Global test environment set-up.
[----------] 1 test from KitDefinition
[ RUN      ] KitDefinition.EmptyResourceNameTerminatesList
[       OK ] KitDefinition.EmptyResourceNameTerminatesList (0 ms)
[----------] 1 test from KitDefinition (0 ms total)

[----------] Global test environment tear-down
[==========] 1 test from 1 test suite ran. (0 ms total)
[  PASSED  ] 1 test.
<end of output>
Test time =   0.01 sec
----------------------------------------------------------
Test Passed.
"KitDefinition.EmptyResourceNameTerminatesList" end time: May 28 07:06 PDT
"KitDefinition.EmptyResourceNameTerminatesList" time elapsed: 00:00:00
----------------------------------------------------------

19/47 Testing: KitDefinition.NullDisplayNameFallsBackToResourceName
19/47 Test: KitDefinition.NullDisplayNameFallsBackToResourceName
Command: "/Users/michaelbarakat/projects/mighty-core/tests/mmc-tests" "--gtest_filter=KitDefinition.NullDisplayNameFallsBackToResourceName" "--gtest_also_run_disabled_tests"
Directory: /Users/michaelbarakat/projects/mighty-core/tests
"KitDefinition.NullDisplayNameFallsBackToResourceName" start time: May 28 07:06 PDT
Output:
----------------------------------------------------------
Running main() from /Users/michaelbarakat/projects/mighty-core/_deps/googletest-src/googletest/src/gtest_main.cc
Note: Google Test filter = KitDefinition.NullDisplayNameFallsBackToResourceName
[==========] Running 1 test from 1 test suite.
[----------] Global test environment set-up.
[----------] 1 test from KitDefinition
[ RUN      ] KitDefinition.NullDisplayNameFallsBackToResourceName
[       OK ] KitDefinition.NullDisplayNameFallsBackToResourceName (0 ms)
[----------] 1 test from KitDefinition (0 ms total)

[----------] Global test environment tear-down
[==========] 1 test from 1 test suite ran. (0 ms total)
[  PASSED  ] 1 test.
<end of output>
Test time =   0.01 sec
----------------------------------------------------------
Test Passed.
"KitDefinition.NullDisplayNameFallsBackToResourceName" end time: May 28 07:06 PDT
"KitDefinition.NullDisplayNameFallsBackToResourceName" time elapsed: 00:00:00
----------------------------------------------------------

20/47 Testing: KitDefinition.OutOfRangeQueriesReturnNull
20/47 Test: KitDefinition.OutOfRangeQueriesReturnNull
Command: "/Users/michaelbarakat/projects/mighty-core/tests/mmc-tests" "--gtest_filter=KitDefinition.OutOfRangeQueriesReturnNull" "--gtest_also_run_disabled_tests"
Directory: /Users/michaelbarakat/projects/mighty-core/tests
"KitDefinition.OutOfRangeQueriesReturnNull" start time: May 28 07:06 PDT
Output:
----------------------------------------------------------
Running main() from /Users/michaelbarakat/projects/mighty-core/_deps/googletest-src/googletest/src/gtest_main.cc
Note: Google Test filter = KitDefinition.OutOfRangeQueriesReturnNull
[==========] Running 1 test from 1 test suite.
[----------] Global test environment set-up.
[----------] 1 test from KitDefinition
[ RUN      ] KitDefinition.OutOfRangeQueriesReturnNull
[       OK ] KitDefinition.OutOfRangeQueriesReturnNull (0 ms)
[----------] 1 test from KitDefinition (0 ms total)

[----------] Global test environment tear-down
[==========] 1 test from 1 test suite ran. (0 ms total)
[  PASSED  ] 1 test.
<end of output>
Test time =   0.01 sec
----------------------------------------------------------
Test Passed.
"KitDefinition.OutOfRangeQueriesReturnNull" end time: May 28 07:06 PDT
"KitDefinition.OutOfRangeQueriesReturnNull" time elapsed: 00:00:00
----------------------------------------------------------

21/47 Testing: KitDefinition.ExactlyMaxSoundsCountsTwelve
21/47 Test: KitDefinition.ExactlyMaxSoundsCountsTwelve
Command: "/Users/michaelbarakat/projects/mighty-core/tests/mmc-tests" "--gtest_filter=KitDefinition.ExactlyMaxSoundsCountsTwelve" "--gtest_also_run_disabled_tests"
Directory: /Users/michaelbarakat/projects/mighty-core/tests
"KitDefinition.ExactlyMaxSoundsCountsTwelve" start time: May 28 07:06 PDT
Output:
----------------------------------------------------------
Running main() from /Users/michaelbarakat/projects/mighty-core/_deps/googletest-src/googletest/src/gtest_main.cc
Note: Google Test filter = KitDefinition.ExactlyMaxSoundsCountsTwelve
[==========] Running 1 test from 1 test suite.
[----------] Global test environment set-up.
[----------] 1 test from KitDefinition
[ RUN      ] KitDefinition.ExactlyMaxSoundsCountsTwelve
[       OK ] KitDefinition.ExactlyMaxSoundsCountsTwelve (0 ms)
[----------] 1 test from KitDefinition (0 ms total)

[----------] Global test environment tear-down
[==========] 1 test from 1 test suite ran. (0 ms total)
[  PASSED  ] 1 test.
<end of output>
Test time =   0.01 sec
----------------------------------------------------------
Test Passed.
"KitDefinition.ExactlyMaxSoundsCountsTwelve" end time: May 28 07:06 PDT
"KitDefinition.ExactlyMaxSoundsCountsTwelve" time elapsed: 00:00:00
----------------------------------------------------------

22/47 Testing: KitDefinition.MoreThanMaxEntriesStillCountsTwelve
22/47 Test: KitDefinition.MoreThanMaxEntriesStillCountsTwelve
Command: "/Users/michaelbarakat/projects/mighty-core/tests/mmc-tests" "--gtest_filter=KitDefinition.MoreThanMaxEntriesStillCountsTwelve" "--gtest_also_run_disabled_tests"
Directory: /Users/michaelbarakat/projects/mighty-core/tests
"KitDefinition.MoreThanMaxEntriesStillCountsTwelve" start time: May 28 07:06 PDT
Output:
----------------------------------------------------------
Running main() from /Users/michaelbarakat/projects/mighty-core/_deps/googletest-src/googletest/src/gtest_main.cc
Note: Google Test filter = KitDefinition.MoreThanMaxEntriesStillCountsTwelve
[==========] Running 1 test from 1 test suite.
[----------] Global test environment set-up.
[----------] 1 test from KitDefinition
[ RUN      ] KitDefinition.MoreThanMaxEntriesStillCountsTwelve
[       OK ] KitDefinition.MoreThanMaxEntriesStillCountsTwelve (0 ms)
[----------] 1 test from KitDefinition (0 ms total)

[----------] Global test environment tear-down
[==========] 1 test from 1 test suite ran. (0 ms total)
[  PASSED  ] 1 test.
<end of output>
Test time =   0.01 sec
----------------------------------------------------------
Test Passed.
"KitDefinition.MoreThanMaxEntriesStillCountsTwelve" end time: May 28 07:06 PDT
"KitDefinition.MoreThanMaxEntriesStillCountsTwelve" time elapsed: 00:00:00
----------------------------------------------------------

23/47 Testing: KitDefinition.MaxSoundsConstantIsTwelve
23/47 Test: KitDefinition.MaxSoundsConstantIsTwelve
Command: "/Users/michaelbarakat/projects/mighty-core/tests/mmc-tests" "--gtest_filter=KitDefinition.MaxSoundsConstantIsTwelve" "--gtest_also_run_disabled_tests"
Directory: /Users/michaelbarakat/projects/mighty-core/tests
"KitDefinition.MaxSoundsConstantIsTwelve" start time: May 28 07:06 PDT
Output:
----------------------------------------------------------
Running main() from /Users/michaelbarakat/projects/mighty-core/_deps/googletest-src/googletest/src/gtest_main.cc
Note: Google Test filter = KitDefinition.MaxSoundsConstantIsTwelve
[==========] Running 1 test from 1 test suite.
[----------] Global test environment set-up.
[----------] 1 test from KitDefinition
[ RUN      ] KitDefinition.MaxSoundsConstantIsTwelve
[       OK ] KitDefinition.MaxSoundsConstantIsTwelve (0 ms)
[----------] 1 test from KitDefinition (0 ms total)

[----------] Global test environment tear-down
[==========] 1 test from 1 test suite ran. (0 ms total)
[  PASSED  ] 1 test.
<end of output>
Test time =   0.01 sec
----------------------------------------------------------
Test Passed.
"KitDefinition.MaxSoundsConstantIsTwelve" end time: May 28 07:06 PDT
"KitDefinition.MaxSoundsConstantIsTwelve" time elapsed: 00:00:00
----------------------------------------------------------

24/47 Testing: Metronome.BeforeLoadKitExposesNoKitData
24/47 Test: Metronome.BeforeLoadKitExposesNoKitData
Command: "/Users/michaelbarakat/projects/mighty-core/tests/mmc-tests" "--gtest_filter=Metronome.BeforeLoadKitExposesNoKitData" "--gtest_also_run_disabled_tests"
Directory: /Users/michaelbarakat/projects/mighty-core/tests
"Metronome.BeforeLoadKitExposesNoKitData" start time: May 28 07:06 PDT
Output:
----------------------------------------------------------
Running main() from /Users/michaelbarakat/projects/mighty-core/_deps/googletest-src/googletest/src/gtest_main.cc
Note: Google Test filter = Metronome.BeforeLoadKitExposesNoKitData
[==========] Running 1 test from 1 test suite.
[----------] Global test environment set-up.
[----------] 1 test from Metronome
[ RUN      ] Metronome.BeforeLoadKitExposesNoKitData
[       OK ] Metronome.BeforeLoadKitExposesNoKitData (0 ms)
[----------] 1 test from Metronome (0 ms total)

[----------] Global test environment tear-down
[==========] 1 test from 1 test suite ran. (0 ms total)
[  PASSED  ] 1 test.
<end of output>
Test time =   0.01 sec
----------------------------------------------------------
Test Passed.
"Metronome.BeforeLoadKitExposesNoKitData" end time: May 28 07:06 PDT
"Metronome.BeforeLoadKitExposesNoKitData" time elapsed: 00:00:00
----------------------------------------------------------

25/47 Testing: Metronome.LoadKitCountsSoundsUntilNullTerminator
25/47 Test: Metronome.LoadKitCountsSoundsUntilNullTerminator
Command: "/Users/michaelbarakat/projects/mighty-core/tests/mmc-tests" "--gtest_filter=Metronome.LoadKitCountsSoundsUntilNullTerminator" "--gtest_also_run_disabled_tests"
Directory: /Users/michaelbarakat/projects/mighty-core/tests
"Metronome.LoadKitCountsSoundsUntilNullTerminator" start time: May 28 07:06 PDT
Output:
----------------------------------------------------------
Running main() from /Users/michaelbarakat/projects/mighty-core/_deps/googletest-src/googletest/src/gtest_main.cc
Note: Google Test filter = Metronome.LoadKitCountsSoundsUntilNullTerminator
[==========] Running 1 test from 1 test suite.
[----------] Global test environment set-up.
[----------] 1 test from Metronome
[ RUN      ] Metronome.LoadKitCountsSoundsUntilNullTerminator
[       OK ] Metronome.LoadKitCountsSoundsUntilNullTerminator (0 ms)
[----------] 1 test from Metronome (0 ms total)

[----------] Global test environment tear-down
[==========] 1 test from 1 test suite ran. (0 ms total)
[  PASSED  ] 1 test.
<end of output>
Test time =   0.01 sec
----------------------------------------------------------
Test Passed.
"Metronome.LoadKitCountsSoundsUntilNullTerminator" end time: May 28 07:06 PDT
"Metronome.LoadKitCountsSoundsUntilNullTerminator" time elapsed: 00:00:00
----------------------------------------------------------

26/47 Testing: Metronome.DisplayNamesMatchBuiltInKit
26/47 Test: Metronome.DisplayNamesMatchBuiltInKit
Command: "/Users/michaelbarakat/projects/mighty-core/tests/mmc-tests" "--gtest_filter=Metronome.DisplayNamesMatchBuiltInKit" "--gtest_also_run_disabled_tests"
Directory: /Users/michaelbarakat/projects/mighty-core/tests
"Metronome.DisplayNamesMatchBuiltInKit" start time: May 28 07:06 PDT
Output:
----------------------------------------------------------
Running main() from /Users/michaelbarakat/projects/mighty-core/_deps/googletest-src/googletest/src/gtest_main.cc
Note: Google Test filter = Metronome.DisplayNamesMatchBuiltInKit
[==========] Running 1 test from 1 test suite.
[----------] Global test environment set-up.
[----------] 1 test from Metronome
[ RUN      ] Metronome.DisplayNamesMatchBuiltInKit
[       OK ] Metronome.DisplayNamesMatchBuiltInKit (0 ms)
[----------] 1 test from Metronome (0 ms total)

[----------] Global test environment tear-down
[==========] 1 test from 1 test suite ran. (0 ms total)
[  PASSED  ] 1 test.
<end of output>
Test time =   0.01 sec
----------------------------------------------------------
Test Passed.
"Metronome.DisplayNamesMatchBuiltInKit" end time: May 28 07:06 PDT
"Metronome.DisplayNamesMatchBuiltInKit" time elapsed: 00:00:00
----------------------------------------------------------

27/47 Testing: Metronome.LoadedKitMatchesBuiltInDefinition
27/47 Test: Metronome.LoadedKitMatchesBuiltInDefinition
Command: "/Users/michaelbarakat/projects/mighty-core/tests/mmc-tests" "--gtest_filter=Metronome.LoadedKitMatchesBuiltInDefinition" "--gtest_also_run_disabled_tests"
Directory: /Users/michaelbarakat/projects/mighty-core/tests
"Metronome.LoadedKitMatchesBuiltInDefinition" start time: May 28 07:06 PDT
Output:
----------------------------------------------------------
Running main() from /Users/michaelbarakat/projects/mighty-core/_deps/googletest-src/googletest/src/gtest_main.cc
Note: Google Test filter = Metronome.LoadedKitMatchesBuiltInDefinition
[==========] Running 1 test from 1 test suite.
[----------] Global test environment set-up.
[----------] 1 test from Metronome
[ RUN      ] Metronome.LoadedKitMatchesBuiltInDefinition
[       OK ] Metronome.LoadedKitMatchesBuiltInDefinition (0 ms)
[----------] 1 test from Metronome (0 ms total)

[----------] Global test environment tear-down
[==========] 1 test from 1 test suite ran. (0 ms total)
[  PASSED  ] 1 test.
<end of output>
Test time =   0.01 sec
----------------------------------------------------------
Test Passed.
"Metronome.LoadedKitMatchesBuiltInDefinition" end time: May 28 07:06 PDT
"Metronome.LoadedKitMatchesBuiltInDefinition" time elapsed: 00:00:00
----------------------------------------------------------

28/47 Testing: Metronome.BuiltInKitHasNullTerminatorAfterLastSound
28/47 Test: Metronome.BuiltInKitHasNullTerminatorAfterLastSound
Command: "/Users/michaelbarakat/projects/mighty-core/tests/mmc-tests" "--gtest_filter=Metronome.BuiltInKitHasNullTerminatorAfterLastSound" "--gtest_also_run_disabled_tests"
Directory: /Users/michaelbarakat/projects/mighty-core/tests
"Metronome.BuiltInKitHasNullTerminatorAfterLastSound" start time: May 28 07:06 PDT
Output:
----------------------------------------------------------
Running main() from /Users/michaelbarakat/projects/mighty-core/_deps/googletest-src/googletest/src/gtest_main.cc
Note: Google Test filter = Metronome.BuiltInKitHasNullTerminatorAfterLastSound
[==========] Running 1 test from 1 test suite.
[----------] Global test environment set-up.
[----------] 1 test from Metronome
[ RUN      ] Metronome.BuiltInKitHasNullTerminatorAfterLastSound
[       OK ] Metronome.BuiltInKitHasNullTerminatorAfterLastSound (0 ms)
[----------] 1 test from Metronome (0 ms total)

[----------] Global test environment tear-down
[==========] 1 test from 1 test suite ran. (0 ms total)
[  PASSED  ] 1 test.
<end of output>
Test time =   0.01 sec
----------------------------------------------------------
Test Passed.
"Metronome.BuiltInKitHasNullTerminatorAfterLastSound" end time: May 28 07:06 PDT
"Metronome.BuiltInKitHasNullTerminatorAfterLastSound" time elapsed: 00:00:00
----------------------------------------------------------

29/47 Testing: Metronome.LoadKitIsIdempotent
29/47 Test: Metronome.LoadKitIsIdempotent
Command: "/Users/michaelbarakat/projects/mighty-core/tests/mmc-tests" "--gtest_filter=Metronome.LoadKitIsIdempotent" "--gtest_also_run_disabled_tests"
Directory: /Users/michaelbarakat/projects/mighty-core/tests
"Metronome.LoadKitIsIdempotent" start time: May 28 07:06 PDT
Output:
----------------------------------------------------------
Running main() from /Users/michaelbarakat/projects/mighty-core/_deps/googletest-src/googletest/src/gtest_main.cc
Note: Google Test filter = Metronome.LoadKitIsIdempotent
[==========] Running 1 test from 1 test suite.
[----------] Global test environment set-up.
[----------] 1 test from Metronome
[ RUN      ] Metronome.LoadKitIsIdempotent
[       OK ] Metronome.LoadKitIsIdempotent (0 ms)
[----------] 1 test from Metronome (0 ms total)

[----------] Global test environment tear-down
[==========] 1 test from 1 test suite ran. (0 ms total)
[  PASSED  ] 1 test.
<end of output>
Test time =   0.01 sec
----------------------------------------------------------
Test Passed.
"Metronome.LoadKitIsIdempotent" end time: May 28 07:06 PDT
"Metronome.LoadKitIsIdempotent" time elapsed: 00:00:00
----------------------------------------------------------

30/47 Testing: Input.StopListeningWithoutStartIsHarmless
30/47 Test: Input.StopListeningWithoutStartIsHarmless
Command: "/Users/michaelbarakat/projects/mighty-core/tests/mmc-tests" "--gtest_filter=Input.StopListeningWithoutStartIsHarmless" "--gtest_also_run_disabled_tests"
Directory: /Users/michaelbarakat/projects/mighty-core/tests
"Input.StopListeningWithoutStartIsHarmless" start time: May 28 07:06 PDT
Output:
----------------------------------------------------------
Running main() from /Users/michaelbarakat/projects/mighty-core/_deps/googletest-src/googletest/src/gtest_main.cc
Note: Google Test filter = Input.StopListeningWithoutStartIsHarmless
[==========] Running 1 test from 1 test suite.
[----------] Global test environment set-up.
[----------] 1 test from Input
[ RUN      ] Input.StopListeningWithoutStartIsHarmless
[       OK ] Input.StopListeningWithoutStartIsHarmless (0 ms)
[----------] 1 test from Input (0 ms total)

[----------] Global test environment tear-down
[==========] 1 test from 1 test suite ran. (0 ms total)
[  PASSED  ] 1 test.
<end of output>
Test time =   0.00 sec
----------------------------------------------------------
Test Passed.
"Input.StopListeningWithoutStartIsHarmless" end time: May 28 07:06 PDT
"Input.StopListeningWithoutStartIsHarmless" time elapsed: 00:00:00
----------------------------------------------------------

31/47 Testing: Input.RepeatedStopListeningIsHarmless
31/47 Test: Input.RepeatedStopListeningIsHarmless
Command: "/Users/michaelbarakat/projects/mighty-core/tests/mmc-tests" "--gtest_filter=Input.RepeatedStopListeningIsHarmless" "--gtest_also_run_disabled_tests"
Directory: /Users/michaelbarakat/projects/mighty-core/tests
"Input.RepeatedStopListeningIsHarmless" start time: May 28 07:06 PDT
Output:
----------------------------------------------------------
Running main() from /Users/michaelbarakat/projects/mighty-core/_deps/googletest-src/googletest/src/gtest_main.cc
Note: Google Test filter = Input.RepeatedStopListeningIsHarmless
[==========] Running 1 test from 1 test suite.
[----------] Global test environment set-up.
[----------] 1 test from Input
[ RUN      ] Input.RepeatedStopListeningIsHarmless
[       OK ] Input.RepeatedStopListeningIsHarmless (0 ms)
[----------] 1 test from Input (0 ms total)

[----------] Global test environment tear-down
[==========] 1 test from 1 test suite ran. (0 ms total)
[  PASSED  ] 1 test.
<end of output>
Test time =   0.01 sec
----------------------------------------------------------
Test Passed.
"Input.RepeatedStopListeningIsHarmless" end time: May 28 07:06 PDT
"Input.RepeatedStopListeningIsHarmless" time elapsed: 00:00:00
----------------------------------------------------------

32/47 Testing: Output.NotPlayingAfterConstruction
32/47 Test: Output.NotPlayingAfterConstruction
Command: "/Users/michaelbarakat/projects/mighty-core/tests/mmc-tests" "--gtest_filter=Output.NotPlayingAfterConstruction" "--gtest_also_run_disabled_tests"
Directory: /Users/michaelbarakat/projects/mighty-core/tests
"Output.NotPlayingAfterConstruction" start time: May 28 07:06 PDT
Output:
----------------------------------------------------------
Running main() from /Users/michaelbarakat/projects/mighty-core/_deps/googletest-src/googletest/src/gtest_main.cc
Note: Google Test filter = Output.NotPlayingAfterConstruction
[==========] Running 1 test from 1 test suite.
[----------] Global test environment set-up.
[----------] 1 test from Output
[ RUN      ] Output.NotPlayingAfterConstruction
[       OK ] Output.NotPlayingAfterConstruction (0 ms)
[----------] 1 test from Output (0 ms total)

[----------] Global test environment tear-down
[==========] 1 test from 1 test suite ran. (0 ms total)
[  PASSED  ] 1 test.
<end of output>
Test time =   0.01 sec
----------------------------------------------------------
Test Passed.
"Output.NotPlayingAfterConstruction" end time: May 28 07:06 PDT
"Output.NotPlayingAfterConstruction" time elapsed: 00:00:00
----------------------------------------------------------

33/47 Testing: Output.IsPlayingAfterStart
33/47 Test: Output.IsPlayingAfterStart
Command: "/Users/michaelbarakat/projects/mighty-core/tests/mmc-tests" "--gtest_filter=Output.IsPlayingAfterStart" "--gtest_also_run_disabled_tests"
Directory: /Users/michaelbarakat/projects/mighty-core/tests
"Output.IsPlayingAfterStart" start time: May 28 07:06 PDT
Output:
----------------------------------------------------------
Running main() from /Users/michaelbarakat/projects/mighty-core/_deps/googletest-src/googletest/src/gtest_main.cc
Note: Google Test filter = Output.IsPlayingAfterStart
[==========] Running 1 test from 1 test suite.
[----------] Global test environment set-up.
[----------] 1 test from Output
[ RUN      ] Output.IsPlayingAfterStart
[       OK ] Output.IsPlayingAfterStart (3 ms)
[----------] 1 test from Output (3 ms total)

[----------] Global test environment tear-down
[==========] 1 test from 1 test suite ran. (3 ms total)
[  PASSED  ] 1 test.
<end of output>
Test time =   0.01 sec
----------------------------------------------------------
Test Passed.
"Output.IsPlayingAfterStart" end time: May 28 07:06 PDT
"Output.IsPlayingAfterStart" time elapsed: 00:00:00
----------------------------------------------------------

34/47 Testing: Output.NotPlayingAfterStop
34/47 Test: Output.NotPlayingAfterStop
Command: "/Users/michaelbarakat/projects/mighty-core/tests/mmc-tests" "--gtest_filter=Output.NotPlayingAfterStop" "--gtest_also_run_disabled_tests"
Directory: /Users/michaelbarakat/projects/mighty-core/tests
"Output.NotPlayingAfterStop" start time: May 28 07:06 PDT
Output:
----------------------------------------------------------
Running main() from /Users/michaelbarakat/projects/mighty-core/_deps/googletest-src/googletest/src/gtest_main.cc
Note: Google Test filter = Output.NotPlayingAfterStop
[==========] Running 1 test from 1 test suite.
[----------] Global test environment set-up.
[----------] 1 test from Output
[ RUN      ] Output.NotPlayingAfterStop
[       OK ] Output.NotPlayingAfterStop (1 ms)
[----------] 1 test from Output (1 ms total)

[----------] Global test environment tear-down
[==========] 1 test from 1 test suite ran. (1 ms total)
[  PASSED  ] 1 test.
<end of output>
Test time =   0.01 sec
----------------------------------------------------------
Test Passed.
"Output.NotPlayingAfterStop" end time: May 28 07:06 PDT
"Output.NotPlayingAfterStop" time elapsed: 00:00:00
----------------------------------------------------------

35/47 Testing: Output.StopWithoutStartIsHarmless
35/47 Test: Output.StopWithoutStartIsHarmless
Command: "/Users/michaelbarakat/projects/mighty-core/tests/mmc-tests" "--gtest_filter=Output.StopWithoutStartIsHarmless" "--gtest_also_run_disabled_tests"
Directory: /Users/michaelbarakat/projects/mighty-core/tests
"Output.StopWithoutStartIsHarmless" start time: May 28 07:06 PDT
Output:
----------------------------------------------------------
Running main() from /Users/michaelbarakat/projects/mighty-core/_deps/googletest-src/googletest/src/gtest_main.cc
Note: Google Test filter = Output.StopWithoutStartIsHarmless
[==========] Running 1 test from 1 test suite.
[----------] Global test environment set-up.
[----------] 1 test from Output
[ RUN      ] Output.StopWithoutStartIsHarmless
[       OK ] Output.StopWithoutStartIsHarmless (0 ms)
[----------] 1 test from Output (0 ms total)

[----------] Global test environment tear-down
[==========] 1 test from 1 test suite ran. (0 ms total)
[  PASSED  ] 1 test.
<end of output>
Test time =   0.00 sec
----------------------------------------------------------
Test Passed.
"Output.StopWithoutStartIsHarmless" end time: May 28 07:06 PDT
"Output.StopWithoutStartIsHarmless" time elapsed: 00:00:00
----------------------------------------------------------

36/47 Testing: Output.DefaultBPM
36/47 Test: Output.DefaultBPM
Command: "/Users/michaelbarakat/projects/mighty-core/tests/mmc-tests" "--gtest_filter=Output.DefaultBPM" "--gtest_also_run_disabled_tests"
Directory: /Users/michaelbarakat/projects/mighty-core/tests
"Output.DefaultBPM" start time: May 28 07:06 PDT
Output:
----------------------------------------------------------
Running main() from /Users/michaelbarakat/projects/mighty-core/_deps/googletest-src/googletest/src/gtest_main.cc
Note: Google Test filter = Output.DefaultBPM
[==========] Running 1 test from 1 test suite.
[----------] Global test environment set-up.
[----------] 1 test from Output
[ RUN      ] Output.DefaultBPM
[       OK ] Output.DefaultBPM (0 ms)
[----------] 1 test from Output (0 ms total)

[----------] Global test environment tear-down
[==========] 1 test from 1 test suite ran. (0 ms total)
[  PASSED  ] 1 test.
<end of output>
Test time =   0.01 sec
----------------------------------------------------------
Test Passed.
"Output.DefaultBPM" end time: May 28 07:06 PDT
"Output.DefaultBPM" time elapsed: 00:00:00
----------------------------------------------------------

37/47 Testing: Output.SetBPMBeforeStart
37/47 Test: Output.SetBPMBeforeStart
Command: "/Users/michaelbarakat/projects/mighty-core/tests/mmc-tests" "--gtest_filter=Output.SetBPMBeforeStart" "--gtest_also_run_disabled_tests"
Directory: /Users/michaelbarakat/projects/mighty-core/tests
"Output.SetBPMBeforeStart" start time: May 28 07:06 PDT
Output:
----------------------------------------------------------
Running main() from /Users/michaelbarakat/projects/mighty-core/_deps/googletest-src/googletest/src/gtest_main.cc
Note: Google Test filter = Output.SetBPMBeforeStart
[==========] Running 1 test from 1 test suite.
[----------] Global test environment set-up.
[----------] 1 test from Output
[ RUN      ] Output.SetBPMBeforeStart
[       OK ] Output.SetBPMBeforeStart (0 ms)
[----------] 1 test from Output (0 ms total)

[----------] Global test environment tear-down
[==========] 1 test from 1 test suite ran. (0 ms total)
[  PASSED  ] 1 test.
<end of output>
Test time =   0.01 sec
----------------------------------------------------------
Test Passed.
"Output.SetBPMBeforeStart" end time: May 28 07:06 PDT
"Output.SetBPMBeforeStart" time elapsed: 00:00:00
----------------------------------------------------------

38/47 Testing: Output.SetBPMWhilePlaying
38/47 Test: Output.SetBPMWhilePlaying
Command: "/Users/michaelbarakat/projects/mighty-core/tests/mmc-tests" "--gtest_filter=Output.SetBPMWhilePlaying" "--gtest_also_run_disabled_tests"
Directory: /Users/michaelbarakat/projects/mighty-core/tests
"Output.SetBPMWhilePlaying" start time: May 28 07:06 PDT
Output:
----------------------------------------------------------
Running main() from /Users/michaelbarakat/projects/mighty-core/_deps/googletest-src/googletest/src/gtest_main.cc
Note: Google Test filter = Output.SetBPMWhilePlaying
[==========] Running 1 test from 1 test suite.
[----------] Global test environment set-up.
[----------] 1 test from Output
[ RUN      ] Output.SetBPMWhilePlaying
[       OK ] Output.SetBPMWhilePlaying (3 ms)
[----------] 1 test from Output (3 ms total)

[----------] Global test environment tear-down
[==========] 1 test from 1 test suite ran. (3 ms total)
[  PASSED  ] 1 test.
<end of output>
Test time =   0.01 sec
----------------------------------------------------------
Test Passed.
"Output.SetBPMWhilePlaying" end time: May 28 07:06 PDT
"Output.SetBPMWhilePlaying" time elapsed: 00:00:00
----------------------------------------------------------

39/47 Testing: Output.TickCallbackFires
39/47 Test: Output.TickCallbackFires
Command: "/Users/michaelbarakat/projects/mighty-core/tests/mmc-tests" "--gtest_filter=Output.TickCallbackFires" "--gtest_also_run_disabled_tests"
Directory: /Users/michaelbarakat/projects/mighty-core/tests
"Output.TickCallbackFires" start time: May 28 07:06 PDT
Output:
----------------------------------------------------------
Running main() from /Users/michaelbarakat/projects/mighty-core/_deps/googletest-src/googletest/src/gtest_main.cc
Note: Google Test filter = Output.TickCallbackFires
[==========] Running 1 test from 1 test suite.
[----------] Global test environment set-up.
[----------] 1 test from Output
[ RUN      ] Output.TickCallbackFires
[       OK ] Output.TickCallbackFires (1508 ms)
[----------] 1 test from Output (1508 ms total)

[----------] Global test environment tear-down
[==========] 1 test from 1 test suite ran. (1508 ms total)
[  PASSED  ] 1 test.
<end of output>
Test time =   1.51 sec
----------------------------------------------------------
Test Passed.
"Output.TickCallbackFires" end time: May 28 07:06 PDT
"Output.TickCallbackFires" time elapsed: 00:00:01
----------------------------------------------------------

40/47 Testing: Output.BeatNumbersAreSequential
40/47 Test: Output.BeatNumbersAreSequential
Command: "/Users/michaelbarakat/projects/mighty-core/tests/mmc-tests" "--gtest_filter=Output.BeatNumbersAreSequential" "--gtest_also_run_disabled_tests"
Directory: /Users/michaelbarakat/projects/mighty-core/tests
"Output.BeatNumbersAreSequential" start time: May 28 07:06 PDT
Output:
----------------------------------------------------------
Running main() from /Users/michaelbarakat/projects/mighty-core/_deps/googletest-src/googletest/src/gtest_main.cc
Note: Google Test filter = Output.BeatNumbersAreSequential
[==========] Running 1 test from 1 test suite.
[----------] Global test environment set-up.
[----------] 1 test from Output
[ RUN      ] Output.BeatNumbersAreSequential
[       OK ] Output.BeatNumbersAreSequential (1512 ms)
[----------] 1 test from Output (1512 ms total)

[----------] Global test environment tear-down
[==========] 1 test from 1 test suite ran. (1512 ms total)
[  PASSED  ] 1 test.
<end of output>
Test time =   1.52 sec
----------------------------------------------------------
Test Passed.
"Output.BeatNumbersAreSequential" end time: May 28 07:06 PDT
"Output.BeatNumbersAreSequential" time elapsed: 00:00:01
----------------------------------------------------------

41/47 Testing: Synthesizer.ClickRendersNonSilentSamples
41/47 Test: Synthesizer.ClickRendersNonSilentSamples
Command: "/Users/michaelbarakat/projects/mighty-core/tests/mmc-tests" "--gtest_filter=Synthesizer.ClickRendersNonSilentSamples" "--gtest_also_run_disabled_tests"
Directory: /Users/michaelbarakat/projects/mighty-core/tests
"Synthesizer.ClickRendersNonSilentSamples" start time: May 28 07:06 PDT
Output:
----------------------------------------------------------
Running main() from /Users/michaelbarakat/projects/mighty-core/_deps/googletest-src/googletest/src/gtest_main.cc
Note: Google Test filter = Synthesizer.ClickRendersNonSilentSamples
[==========] Running 1 test from 1 test suite.
[----------] Global test environment set-up.
[----------] 1 test from Synthesizer
[ RUN      ] Synthesizer.ClickRendersNonSilentSamples
[       OK ] Synthesizer.ClickRendersNonSilentSamples (0 ms)
[----------] 1 test from Synthesizer (0 ms total)

[----------] Global test environment tear-down
[==========] 1 test from 1 test suite ran. (0 ms total)
[  PASSED  ] 1 test.
<end of output>
Test time =   0.01 sec
----------------------------------------------------------
Test Passed.
"Synthesizer.ClickRendersNonSilentSamples" end time: May 28 07:06 PDT
"Synthesizer.ClickRendersNonSilentSamples" time elapsed: 00:00:00
----------------------------------------------------------

42/47 Testing: Sound.CreateSoundAndPlayVoice
42/47 Test: Sound.CreateSoundAndPlayVoice
Command: "/Users/michaelbarakat/projects/mighty-core/tests/mmc-tests" "--gtest_filter=Sound.CreateSoundAndPlayVoice" "--gtest_also_run_disabled_tests"
Directory: /Users/michaelbarakat/projects/mighty-core/tests
"Sound.CreateSoundAndPlayVoice" start time: May 28 07:06 PDT
Output:
----------------------------------------------------------
Running main() from /Users/michaelbarakat/projects/mighty-core/_deps/googletest-src/googletest/src/gtest_main.cc
Note: Google Test filter = Sound.CreateSoundAndPlayVoice
[==========] Running 1 test from 1 test suite.
[----------] Global test environment set-up.
[----------] 1 test from Sound
[ RUN      ] Sound.CreateSoundAndPlayVoice
[       OK ] Sound.CreateSoundAndPlayVoice (0 ms)
[----------] 1 test from Sound (0 ms total)

[----------] Global test environment tear-down
[==========] 1 test from 1 test suite ran. (0 ms total)
[  PASSED  ] 1 test.
<end of output>
Test time =   0.01 sec
----------------------------------------------------------
Test Passed.
"Sound.CreateSoundAndPlayVoice" end time: May 28 07:06 PDT
"Sound.CreateSoundAndPlayVoice" time elapsed: 00:00:00
----------------------------------------------------------

43/47 Testing: Sound.BuiltInGuitarPreset
43/47 Test: Sound.BuiltInGuitarPreset
Command: "/Users/michaelbarakat/projects/mighty-core/tests/mmc-tests" "--gtest_filter=Sound.BuiltInGuitarPreset" "--gtest_also_run_disabled_tests"
Directory: /Users/michaelbarakat/projects/mighty-core/tests
"Sound.BuiltInGuitarPreset" start time: May 28 07:06 PDT
Output:
----------------------------------------------------------
Running main() from /Users/michaelbarakat/projects/mighty-core/_deps/googletest-src/googletest/src/gtest_main.cc
Note: Google Test filter = Sound.BuiltInGuitarPreset
[==========] Running 1 test from 1 test suite.
[----------] Global test environment set-up.
[----------] 1 test from Sound
[ RUN      ] Sound.BuiltInGuitarPreset
[       OK ] Sound.BuiltInGuitarPreset (0 ms)
[----------] 1 test from Sound (0 ms total)

[----------] Global test environment tear-down
[==========] 1 test from 1 test suite ran. (0 ms total)
[  PASSED  ] 1 test.
<end of output>
Test time =   0.01 sec
----------------------------------------------------------
Test Passed.
"Sound.BuiltInGuitarPreset" end time: May 28 07:06 PDT
"Sound.BuiltInGuitarPreset" time elapsed: 00:00:00
----------------------------------------------------------

44/47 Testing: Sound.BuiltInPianoPreset
44/47 Test: Sound.BuiltInPianoPreset
Command: "/Users/michaelbarakat/projects/mighty-core/tests/mmc-tests" "--gtest_filter=Sound.BuiltInPianoPreset" "--gtest_also_run_disabled_tests"
Directory: /Users/michaelbarakat/projects/mighty-core/tests
"Sound.BuiltInPianoPreset" start time: May 28 07:06 PDT
Output:
----------------------------------------------------------
Running main() from /Users/michaelbarakat/projects/mighty-core/_deps/googletest-src/googletest/src/gtest_main.cc
Note: Google Test filter = Sound.BuiltInPianoPreset
[==========] Running 1 test from 1 test suite.
[----------] Global test environment set-up.
[----------] 1 test from Sound
[ RUN      ] Sound.BuiltInPianoPreset
[       OK ] Sound.BuiltInPianoPreset (1 ms)
[----------] 1 test from Sound (1 ms total)

[----------] Global test environment tear-down
[==========] 1 test from 1 test suite ran. (1 ms total)
[  PASSED  ] 1 test.
<end of output>
Test time =   0.01 sec
----------------------------------------------------------
Test Passed.
"Sound.BuiltInPianoPreset" end time: May 28 07:06 PDT
"Sound.BuiltInPianoPreset" time elapsed: 00:00:00
----------------------------------------------------------

45/47 Testing: Sound.RingModVoiceProducesHarmonics
45/47 Test: Sound.RingModVoiceProducesHarmonics
Command: "/Users/michaelbarakat/projects/mighty-core/tests/mmc-tests" "--gtest_filter=Sound.RingModVoiceProducesHarmonics" "--gtest_also_run_disabled_tests"
Directory: /Users/michaelbarakat/projects/mighty-core/tests
"Sound.RingModVoiceProducesHarmonics" start time: May 28 07:06 PDT
Output:
----------------------------------------------------------
Running main() from /Users/michaelbarakat/projects/mighty-core/_deps/googletest-src/googletest/src/gtest_main.cc
Note: Google Test filter = Sound.RingModVoiceProducesHarmonics
[==========] Running 1 test from 1 test suite.
[----------] Global test environment set-up.
[----------] 1 test from Sound
[ RUN      ] Sound.RingModVoiceProducesHarmonics
[       OK ] Sound.RingModVoiceProducesHarmonics (0 ms)
[----------] 1 test from Sound (0 ms total)

[----------] Global test environment tear-down
[==========] 1 test from 1 test suite ran. (0 ms total)
[  PASSED  ] 1 test.
<end of output>
Test time =   0.01 sec
----------------------------------------------------------
Test Passed.
"Sound.RingModVoiceProducesHarmonics" end time: May 28 07:06 PDT
"Sound.RingModVoiceProducesHarmonics" time elapsed: 00:00:00
----------------------------------------------------------

46/47 Testing: RealtimeCommandQueue.PushAndPopSingleCommand
46/47 Test: RealtimeCommandQueue.PushAndPopSingleCommand
Command: "/Users/michaelbarakat/projects/mighty-core/tests/mmc-tests" "--gtest_filter=RealtimeCommandQueue.PushAndPopSingleCommand" "--gtest_also_run_disabled_tests"
Directory: /Users/michaelbarakat/projects/mighty-core/tests
"RealtimeCommandQueue.PushAndPopSingleCommand" start time: May 28 07:06 PDT
Output:
----------------------------------------------------------
Running main() from /Users/michaelbarakat/projects/mighty-core/_deps/googletest-src/googletest/src/gtest_main.cc
Note: Google Test filter = RealtimeCommandQueue.PushAndPopSingleCommand
[==========] Running 1 test from 1 test suite.
[----------] Global test environment set-up.
[----------] 1 test from RealtimeCommandQueue
[ RUN      ] RealtimeCommandQueue.PushAndPopSingleCommand
[       OK ] RealtimeCommandQueue.PushAndPopSingleCommand (0 ms)
[----------] 1 test from RealtimeCommandQueue (0 ms total)

[----------] Global test environment tear-down
[==========] 1 test from 1 test suite ran. (0 ms total)
[  PASSED  ] 1 test.
<end of output>
Test time =   0.01 sec
----------------------------------------------------------
Test Passed.
"RealtimeCommandQueue.PushAndPopSingleCommand" end time: May 28 07:06 PDT
"RealtimeCommandQueue.PushAndPopSingleCommand" time elapsed: 00:00:00
----------------------------------------------------------

47/47 Testing: RealtimeCommandQueue.ReturnsFalseWhenQueueIsFull
47/47 Test: RealtimeCommandQueue.ReturnsFalseWhenQueueIsFull
Command: "/Users/michaelbarakat/projects/mighty-core/tests/mmc-tests" "--gtest_filter=RealtimeCommandQueue.ReturnsFalseWhenQueueIsFull" "--gtest_also_run_disabled_tests"
Directory: /Users/michaelbarakat/projects/mighty-core/tests
"RealtimeCommandQueue.ReturnsFalseWhenQueueIsFull" start time: May 28 07:06 PDT
Output:
----------------------------------------------------------
Running main() from /Users/michaelbarakat/projects/mighty-core/_deps/googletest-src/googletest/src/gtest_main.cc
Note: Google Test filter = RealtimeCommandQueue.ReturnsFalseWhenQueueIsFull
[==========] Running 1 test from 1 test suite.
[----------] Global test environment set-up.
[----------] 1 test from RealtimeCommandQueue
[ RUN      ] RealtimeCommandQueue.ReturnsFalseWhenQueueIsFull
[       OK ] RealtimeCommandQueue.ReturnsFalseWhenQueueIsFull (0 ms)
[----------] 1 test from RealtimeCommandQueue (0 ms total)

[----------] Global test environment tear-down
[==========] 1 test from 1 test suite ran. (0 ms total)
[  PASSED  ] 1 test.
<end of output>
Test time =   0.01 sec
----------------------------------------------------------
Test Passed.
"RealtimeCommandQueue.ReturnsFalseWhenQueueIsFull" end time: May 28 07:06 PDT
"RealtimeCommandQueue.ReturnsFalseWhenQueueIsFull" time elapsed: 00:00:00
----------------------------------------------------------

End testing: May 28 07:06 PDT
