Start testing: May 28 09:20 PDT
----------------------------------------------------------
41/47 Testing: Synthesizer.ClickRendersNonSilentSamples
41/47 Test: Synthesizer.ClickRendersNonSilentSamples
Command: "/Users/michaelbarakat/projects/mighty-core/tests/mmc-tests" "--gtest_filter=Synthesizer.ClickRendersNonSilentSamples" "--gtest_also_run_disabled_tests"
Directory: /Users/michaelbarakat/projects/mighty-core/tests
"Synthesizer.ClickRendersNonSilentSamples" start time: May 28 09:20 PDT
Output:
----------------------------------------------------------
Running main() from /Users/michaelbarakat/projects/mighty-core/_deps/googletest-src/googletest/src/gtest_main.cc
Note: Google Test filter = Synthesizer.ClickRendersNonSilentSamples
[==========] Running 1 test from 1 test suite.
[----------] Global test environment set-up.
[----------] 1 test from Synthesizer
[ RUN      ] Synthesizer.ClickRendersNonSilentSamples
[       OK ] Synthesizer.ClickRendersNonSilentSamples (0 ms)
[----------] 1 test from Synthesizer (0 ms total)

[----------] Global test environment tear-down
[==========] 1 test from 1 test suite ran. (0 ms total)
[  PASSED  ] 1 test.
<end of output>
Test time =   0.01 sec
----------------------------------------------------------
Test Passed.
"Synthesizer.ClickRendersNonSilentSamples" end time: May 28 09:20 PDT
"Synthesizer.ClickRendersNonSilentSamples" time elapsed: 00:00:00
----------------------------------------------------------

42/47 Testing: Sound.CreateSoundAndPlayVoice
42/47 Test: Sound.CreateSoundAndPlayVoice
Command: "/Users/michaelbarakat/projects/mighty-core/tests/mmc-tests" "--gtest_filter=Sound.CreateSoundAndPlayVoice" "--gtest_also_run_disabled_tests"
Directory: /Users/michaelbarakat/projects/mighty-core/tests
"Sound.CreateSoundAndPlayVoice" start time: May 28 09:20 PDT
Output:
----------------------------------------------------------
Running main() from /Users/michaelbarakat/projects/mighty-core/_deps/googletest-src/googletest/src/gtest_main.cc
Note: Google Test filter = Sound.CreateSoundAndPlayVoice
[==========] Running 1 test from 1 test suite.
[----------] Global test environment set-up.
[----------] 1 test from Sound
[ RUN      ] Sound.CreateSoundAndPlayVoice
[       OK ] Sound.CreateSoundAndPlayVoice (0 ms)
[----------] 1 test from Sound (0 ms total)

[----------] Global test environment tear-down
[==========] 1 test from 1 test suite ran. (0 ms total)
[  PASSED  ] 1 test.
<end of output>
Test time =   0.01 sec
----------------------------------------------------------
Test Passed.
"Sound.CreateSoundAndPlayVoice" end time: May 28 09:20 PDT
"Sound.CreateSoundAndPlayVoice" time elapsed: 00:00:00
----------------------------------------------------------

43/47 Testing: Sound.BuiltInGuitarPreset
43/47 Test: Sound.BuiltInGuitarPreset
Command: "/Users/michaelbarakat/projects/mighty-core/tests/mmc-tests" "--gtest_filter=Sound.BuiltInGuitarPreset" "--gtest_also_run_disabled_tests"
Directory: /Users/michaelbarakat/projects/mighty-core/tests
"Sound.BuiltInGuitarPreset" start time: May 28 09:20 PDT
Output:
----------------------------------------------------------
Running main() from /Users/michaelbarakat/projects/mighty-core/_deps/googletest-src/googletest/src/gtest_main.cc
Note: Google Test filter = Sound.BuiltInGuitarPreset
[==========] Running 1 test from 1 test suite.
[----------] Global test environment set-up.
[----------] 1 test from Sound
[ RUN      ] Sound.BuiltInGuitarPreset
[       OK ] Sound.BuiltInGuitarPreset (0 ms)
[----------] 1 test from Sound (0 ms total)

[----------] Global test environment tear-down
[==========] 1 test from 1 test suite ran. (0 ms total)
[  PASSED  ] 1 test.
<end of output>
Test time =   0.01 sec
----------------------------------------------------------
Test Passed.
"Sound.BuiltInGuitarPreset" end time: May 28 09:20 PDT
"Sound.BuiltInGuitarPreset" time elapsed: 00:00:00
----------------------------------------------------------

44/47 Testing: Sound.BuiltInPianoPreset
44/47 Test: Sound.BuiltInPianoPreset
Command: "/Users/michaelbarakat/projects/mighty-core/tests/mmc-tests" "--gtest_filter=Sound.BuiltInPianoPreset" "--gtest_also_run_disabled_tests"
Directory: /Users/michaelbarakat/projects/mighty-core/tests
"Sound.BuiltInPianoPreset" start time: May 28 09:20 PDT
Output:
----------------------------------------------------------
Running main() from /Users/michaelbarakat/projects/mighty-core/_deps/googletest-src/googletest/src/gtest_main.cc
Note: Google Test filter = Sound.BuiltInPianoPreset
[==========] Running 1 test from 1 test suite.
[----------] Global test environment set-up.
[----------] 1 test from Sound
[ RUN      ] Sound.BuiltInPianoPreset
[       OK ] Sound.BuiltInPianoPreset (1 ms)
[----------] 1 test from Sound (1 ms total)

[----------] Global test environment tear-down
[==========] 1 test from 1 test suite ran. (1 ms total)
[  PASSED  ] 1 test.
<end of output>
Test time =   0.01 sec
----------------------------------------------------------
Test Passed.
"Sound.BuiltInPianoPreset" end time: May 28 09:20 PDT
"Sound.BuiltInPianoPreset" time elapsed: 00:00:00
----------------------------------------------------------

45/47 Testing: Sound.RingModVoiceProducesHarmonics
45/47 Test: Sound.RingModVoiceProducesHarmonics
Command: "/Users/michaelbarakat/projects/mighty-core/tests/mmc-tests" "--gtest_filter=Sound.RingModVoiceProducesHarmonics" "--gtest_also_run_disabled_tests"
Directory: /Users/michaelbarakat/projects/mighty-core/tests
"Sound.RingModVoiceProducesHarmonics" start time: May 28 09:20 PDT
Output:
----------------------------------------------------------
Running main() from /Users/michaelbarakat/projects/mighty-core/_deps/googletest-src/googletest/src/gtest_main.cc
Note: Google Test filter = Sound.RingModVoiceProducesHarmonics
[==========] Running 1 test from 1 test suite.
[----------] Global test environment set-up.
[----------] 1 test from Sound
[ RUN      ] Sound.RingModVoiceProducesHarmonics
[       OK ] Sound.RingModVoiceProducesHarmonics (0 ms)
[----------] 1 test from Sound (0 ms total)

[----------] Global test environment tear-down
[==========] 1 test from 1 test suite ran. (0 ms total)
[  PASSED  ] 1 test.
<end of output>
Test time =   0.01 sec
----------------------------------------------------------
Test Passed.
"Sound.RingModVoiceProducesHarmonics" end time: May 28 09:20 PDT
"Sound.RingModVoiceProducesHarmonics" time elapsed: 00:00:00
----------------------------------------------------------

End testing: May 28 09:20 PDT
